ISim log file
Running: C:/Users/ulab/Desktop/project_6/project_6.sim/sim_1/behav/watchdog_tb.exe -intstyle pa -gui -tclbatch isim.cmd -wdb watchdog_tb.wdb 
ISim P.68d (signature 0x8ef4fb42)
----------------------------------------------------------------------
INFO:Security:50 - The XILINXD_LICENSE_FILE environment variable is set to '2100@license.clarkson.edu'.
INFO:Security:52 - The LM_LICENSE_FILE environment variable is set to '7789@license.clarkson.edu; 1717@license.clarkson.edu'.
WARNING:Security:43 - No license file was found in the standard Xilinx license directory.
WARNING:Security:44 - Since no license file was found,
       please run the Xilinx License Configuration Manager
       (xlcm or "Manage Xilinx Licenses")
       to assist in obtaining a license.
WARNING:Security:42 - Your software subscription period has lapsed. Your current version of Xilinx tools will continue to function, but you no longer qualify for Xilinx software updates or new releases.


----------------------------------------------------------------------
This is a Full version of ISim.
Time resolution is 1 ps
# onerror resume
# wave add /
# run 1s
Simulator is doing circuit initialization process.
Finished circuit initialization process.
Stopped at time : 1585845 ns : File "C:/Users/ulab/Desktop/project_6/project_6.srcs/sim_1/new/watchdog_tb.vhd" Line 54
ISim P.68d (signature 0x8ef4fb42)
----------------------------------------------------------------------
INFO:Security:50 - The XILINXD_LICENSE_FILE environment variable is set to '2100@license.clarkson.edu'.
INFO:Security:52 - The LM_LICENSE_FILE environment variable is set to '7789@license.clarkson.edu; 1717@license.clarkson.edu'.
WARNING:Security:43 - No license file was found in the standard Xilinx license directory.
WARNING:Security:44 - Since no license file was found,
       please run the Xilinx License Configuration Manager
       (xlcm or "Manage Xilinx Licenses")
       to assist in obtaining a license.
WARNING:Security:42 - Your software subscription period has lapsed. Your current version of Xilinx tools will continue to function, but you no longer qualify for Xilinx software updates or new releases.


----------------------------------------------------------------------
This is a Full version of ISim.
# run 1s
Simulator is doing circuit initialization process.
Finished circuit initialization process.
Stopped at time : 407735940 ns : File "C:/Users/ulab/Desktop/project_6/project_6.srcs/sources_1/imports/import VHDL/connection_watchdog.vhd" Line 79
