INFO:sim:172 - Generating IP...
Applying current project options...
Finished applying current project options.
Resolving generics for 'PSRAM_Buffer'...
WARNING:sim - A core named 'PSRAM_Buffer' already exists in the project. Output
   products for this core may be overwritten.
Applying external generics to 'PSRAM_Buffer'...
Delivering associated files for 'PSRAM_Buffer'...
Delivering EJava files for 'PSRAM_Buffer'...
Generating implementation netlist for 'PSRAM_Buffer'...
INFO:sim - Pre-processing HDL files for 'PSRAM_Buffer'...
Running synthesis for 'PSRAM_Buffer'
Running ngcbuild...
Writing VHO instantiation template for 'PSRAM_Buffer'...
Writing VHDL behavioral simulation model for 'PSRAM_Buffer'...
WARNING:sim - Overwriting existing file
   C:/Users/ulab/Desktop/project_6/project_6.srcs/sources_1/ip/blk_mem_gen_v7_3_
   5/tmp/_cg/PSRAM_Buffer/doc/blk_mem_gen_v7_3_vinfo.html with file from view
   xilinx_documentation
Delivered 1 file into directory
C:/Users/ulab/Desktop/project_6/project_6.srcs/sources_1/ip/blk_mem_gen_v7_3_5/t
mp/_cg/PSRAM_Buffer
Generating ASY schematic symbol...
INFO:sim:949 - Finished generation of ASY schematic symbol.
Generating metadata file...
Generating ISE project file for 'PSRAM_Buffer'...
Generating ISE project...
XCO file found: PSRAM_Buffer.xco
XMDF file found: PSRAM_Buffer_xmdf.tcl
Adding
C:/Users/ulab/Desktop/project_6/project_6.srcs/sources_1/ip/blk_mem_gen_v7_3_5/t
mp/_cg/PSRAM_Buffer.asy -view all -origin_type imported
Adding
C:/Users/ulab/Desktop/project_6/project_6.srcs/sources_1/ip/blk_mem_gen_v7_3_5/t
mp/_cg/PSRAM_Buffer.ngc -view all -origin_type created
Checking file
"C:/Users/ulab/Desktop/project_6/project_6.srcs/sources_1/ip/blk_mem_gen_v7_3_5/
tmp/_cg/PSRAM_Buffer.ngc" for project device match ...
File
"C:/Users/ulab/Desktop/project_6/project_6.srcs/sources_1/ip/blk_mem_gen_v7_3_5/
tmp/_cg/PSRAM_Buffer.ngc" device information matches project device.
Adding
C:/Users/ulab/Desktop/project_6/project_6.srcs/sources_1/ip/blk_mem_gen_v7_3_5/t
mp/_cg/PSRAM_Buffer.vhd -view all -origin_type created
INFO:HDLCompiler:1061 - Parsing VHDL file
   "C:/Users/ulab/Desktop/project_6/project_6.srcs/sources_1/ip/blk_mem_gen_v7_3
   _5/tmp/_cg/PSRAM_Buffer.vhd" into library work
INFO:ProjectMgmt - Parsing design hierarchy completed successfully.
Adding
C:/Users/ulab/Desktop/project_6/project_6.srcs/sources_1/ip/blk_mem_gen_v7_3_5/t
mp/_cg/PSRAM_Buffer.vho -view all -origin_type imported
INFO:TclTasksC:2116 - The automatic calculation of top has been turned-off.
   Please set the new top explicitly by running the "project set top" command.
   To re-calculate the new top automatically, set the "Auto Implementation Top"
   property to true.
Top level has been set to "/PSRAM_Buffer"
Generating README file...
Generating FLIST file...
INFO:sim:948 - Finished FLIST file generation.
Moving files to output directory...
Finished moving files to output directory
Wrote CGP file for project 'coregen'.
