INFO:sim:172 - Generating IP...
Applying current project options...
Finished applying current project options.
Resolving generics for 'bigCanvasMessage'...
WARNING:sim - A core named 'bigCanvasMessage' already exists in the project.
   Output products for this core may be overwritten.
Applying external generics to 'bigCanvasMessage'...
Delivering associated files for 'bigCanvasMessage'...
Delivering EJava files for 'bigCanvasMessage'...
Generating implementation netlist for 'bigCanvasMessage'...
INFO:sim - Pre-processing HDL files for 'bigCanvasMessage'...
Running synthesis for 'bigCanvasMessage'
Running ngcbuild...
Writing VHO instantiation template for 'bigCanvasMessage'...
Writing VHDL behavioral simulation model for 'bigCanvasMessage'...
WARNING:sim - Overwriting existing file
   C:/Users/ulab/Desktop/project_6/project_6.srcs/sources_1/ip/blk_mem_gen_v7_3_
   8/tmp/_cg/bigCanvasMessage/doc/blk_mem_gen_v7_3_vinfo.html with file from
   view xilinx_documentation
Delivered 1 file into directory
C:/Users/ulab/Desktop/project_6/project_6.srcs/sources_1/ip/blk_mem_gen_v7_3_8/t
mp/_cg/bigCanvasMessage
Generating ASY schematic symbol...
INFO:sim:949 - Finished generation of ASY schematic symbol.
Generating metadata file...
Generating ISE project file for 'bigCanvasMessage'...
Generating ISE project...
XCO file found: bigCanvasMessage.xco
XMDF file found: bigCanvasMessage_xmdf.tcl
Adding
C:/Users/ulab/Desktop/project_6/project_6.srcs/sources_1/ip/blk_mem_gen_v7_3_8/t
mp/_cg/bigCanvasMessage.asy -view all -origin_type imported
Adding
C:/Users/ulab/Desktop/project_6/project_6.srcs/sources_1/ip/blk_mem_gen_v7_3_8/t
mp/_cg/bigCanvasMessage.ngc -view all -origin_type created
Checking file
"C:/Users/ulab/Desktop/project_6/project_6.srcs/sources_1/ip/blk_mem_gen_v7_3_8/
tmp/_cg/bigCanvasMessage.ngc" for project device match ...
File
"C:/Users/ulab/Desktop/project_6/project_6.srcs/sources_1/ip/blk_mem_gen_v7_3_8/
tmp/_cg/bigCanvasMessage.ngc" device information matches project device.
Adding
C:/Users/ulab/Desktop/project_6/project_6.srcs/sources_1/ip/blk_mem_gen_v7_3_8/t
mp/_cg/bigCanvasMessage.vhd -view all -origin_type created
INFO:HDLCompiler:1061 - Parsing VHDL file
   "C:/Users/ulab/Desktop/project_6/project_6.srcs/sources_1/ip/blk_mem_gen_v7_3
   _8/tmp/_cg/bigCanvasMessage.vhd" into library work
INFO:ProjectMgmt - Parsing design hierarchy completed successfully.
Adding
C:/Users/ulab/Desktop/project_6/project_6.srcs/sources_1/ip/blk_mem_gen_v7_3_8/t
mp/_cg/bigCanvasMessage.vho -view all -origin_type imported
INFO:TclTasksC:2116 - The automatic calculation of top has been turned-off.
   Please set the new top explicitly by running the "project set top" command.
   To re-calculate the new top automatically, set the "Auto Implementation Top"
   property to true.
Top level has been set to "/bigCanvasMessage"
Generating README file...
Generating FLIST file...
INFO:sim:948 - Finished FLIST file generation.
Moving files to output directory...
Finished moving files to output directory
Wrote CGP file for project 'coregen'.
